<?xml version="1.0" encoding="UTF-8"?>
<testng-results ignored="0" total="3" passed="3" failed="0" skipped="0">
  <reporter-output>
  </reporter-output>
  <suite started-at="2024-01-24T23:14:52 IST" name="Default suite" finished-at="2024-01-24T23:14:57 IST" duration-ms="5052">
    <groups>
    </groups>
    <test started-at="2024-01-24T23:14:52 IST" name="Default test" finished-at="2024-01-24T23:14:57 IST" duration-ms="5052">
      <class name="datadriventesting.Datadriven_AddEmployee">
        <test-method signature="AddEmployee(java.lang.String,java.lang.String,java.lang.String)[pri:0, instance:datadriventesting.Datadriven_AddEmployee@6b81ce95]" started-at="2024-01-24T23:14:52 IST" name="AddEmployee" data-provider="empdataprovider" finished-at="2024-01-24T23:14:55 IST" duration-ms="2701" status="PASS">
          <params>
            <param index="0">
              <value>
                <![CDATA[Ginny]]>
              </value>
            </param>
            <param index="1">
              <value>
                <![CDATA[50000]]>
              </value>
            </param>
            <param index="2">
              <value>
                <![CDATA[54]]>
              </value>
            </param>
          </params>
          <reporter-output>
          </reporter-output>
        </test-method> <!-- AddEmployee -->
        <test-method signature="AddEmployee(java.lang.String,java.lang.String,java.lang.String)[pri:0, instance:datadriventesting.Datadriven_AddEmployee@6b81ce95]" started-at="2024-01-24T23:14:55 IST" name="AddEmployee" data-provider="empdataprovider" finished-at="2024-01-24T23:14:56 IST" duration-ms="1176" status="PASS">
          <params>
            <param index="0">
              <value>
                <![CDATA[Kevin]]>
              </value>
            </param>
            <param index="1">
              <value>
                <![CDATA[60000]]>
              </value>
            </param>
            <param index="2">
              <value>
                <![CDATA[55]]>
              </value>
            </param>
          </params>
          <reporter-output>
          </reporter-output>
        </test-method> <!-- AddEmployee -->
        <test-method signature="AddEmployee(java.lang.String,java.lang.String,java.lang.String)[pri:0, instance:datadriventesting.Datadriven_AddEmployee@6b81ce95]" started-at="2024-01-24T23:14:56 IST" name="AddEmployee" data-provider="empdataprovider" finished-at="2024-01-24T23:14:57 IST" duration-ms="1120" status="PASS">
          <params>
            <param index="0">
              <value>
                <![CDATA[Charlie]]>
              </value>
            </param>
            <param index="1">
              <value>
                <![CDATA[70000]]>
              </value>
            </param>
            <param index="2">
              <value>
                <![CDATA[59]]>
              </value>
            </param>
          </params>
          <reporter-output>
          </reporter-output>
        </test-method> <!-- AddEmployee -->
      </class> <!-- datadriventesting.Datadriven_AddEmployee -->
    </test> <!-- Default test -->
  </suite> <!-- Default suite -->
</testng-results>
